<?xml version="1.0" encoding="UTF-8"?>
<!-- Generated by org.testng.reporters.JUnitReportReporter -->
<testsuite hostname="LAPTOP-J6V7M0GL" failures="0" tests="7" name="TestNGPackage.loginPage" time="0.022" errors="0" timestamp="2024-11-27T20:57:16 IST" skipped="1">
  <testcase classname="TestNGPackage.loginPage" name="HomePageModule3TestCase11" time="0.002"/>
  <system-out/>
  <testcase classname="TestNGPackage.loginPage" name="HomePageModule3TestCase11" time="0.002"/>
  <system-out/>
  <testcase classname="TestNGPackage.loginPage" name="HomePageModule2TestCase8" time="0.001"/>
  <system-out/>
  <testcase classname="TestNGPackage.loginPage" name="HomePageModule3TestCase11" time="0.002"/>
  <system-out/>
  <testcase classname="TestNGPackage.loginPage" name="HomePageModule3TestCase9" time="0.013"/>
  <system-out/>
  <testcase classname="TestNGPackage.loginPage" name="HomePageModule3TestCase10" time="0.002"/>
  <system-out/>
  <testcase classname="TestNGPackage.loginPage" name="HomePageModule2TestCase7">
    <skipped/>
  </testcase> <!-- HomePageModule2TestCase7 -->
  <system-out/>
</testsuite> <!-- TestNGPackage.loginPage -->
