<?xml version="1.0" encoding="UTF-8"?>
<!-- Generated by org.testng.reporters.JUnitReportReporter -->
<testsuite hostname="LAPTOP-J6V7M0GL" failures="0" tests="3" name="TestNGPackage.TestFile" time="0.010" errors="0" timestamp="2024-11-25T20:16:14 IST" skipped="0">
  <testcase classname="TestNGPackage.TestFile" name="TestCase1" time="0.009"/>
  <system-out/>
  <testcase classname="TestNGPackage.TestFile" name="TestCase3" time="0.001"/>
  <system-out/>
  <testcase classname="TestNGPackage.TestFile" name="TestCase2" time="0.000"/>
  <system-out/>
</testsuite> <!-- TestNGPackage.TestFile -->
