<?xml version="1.0" encoding="UTF-8"?>
<!-- Generated by org.testng.reporters.JUnitReportReporter -->
<testsuite hostname="LAPTOP-J6V7M0GL" failures="0" tests="2" name="TestNGPackage.homePage" time="0.007" errors="0" timestamp="2024-11-27T20:57:16 IST" skipped="0">
  <testcase classname="TestNGPackage.homePage" name="HomePageModule1TestCase2" time="0.002"/>
  <system-out/>
  <testcase classname="TestNGPackage.homePage" name="HomePageModule1TestCase1" time="0.005"/>
  <system-out/>
</testsuite> <!-- TestNGPackage.homePage -->
