<?xml version="1.0" encoding="UTF-8"?>
<!-- Generated by org.testng.reporters.JUnitReportReporter -->
<testsuite hostname="LAPTOP-J6V7M0GL" failures="0" tests="3" name="TestNGPackage.homePage2" time="0.014" errors="0" timestamp="2024-11-27T20:57:16 IST" skipped="0">
  <testcase classname="TestNGPackage.homePage2" name="HomePageModule2TestCase4" time="0.006"/>
  <system-out/>
  <testcase classname="TestNGPackage.homePage2" name="HomePageModule2TestCase5" time="0.005"/>
  <system-out/>
  <testcase classname="TestNGPackage.homePage2" name="HomePageModule3TestCase6" time="0.003"/>
  <system-out/>
</testsuite> <!-- TestNGPackage.homePage2 -->
